This is XeTeX, Version 3.141592653-2.6-0.999993 (TeX Live 2021) (preloaded format=xelatex 2021.7.20)  15 JUL 2023 10:10
entering extended mode
 \write18 enabled.
 file:line:error style messages enabled.
 %&-line parsing enabled.
**connattractor_manuscript.tex
(./connattractor_manuscript.tex
LaTeX2e <2020-10-01> patch level 4
L3 programming layer <2021-02-18> (/usr/local/texlive/2021/texmf-dist/tex/latex
/base/article.cls
Document Class: article 2020/04/10 v1.4m Standard LaTeX document class
(/usr/local/texlive/2021/texmf-dist/tex/latex/base/size10.clo
File: size10.clo 2020/04/10 v1.4m Standard LaTeX file (size option)
)
\c@part=\count175
\c@section=\count176
\c@subsection=\count177
\c@subsubsection=\count178
\c@paragraph=\count179
\c@subparagraph=\count180
\c@figure=\count181
\c@table=\count182
\abovecaptionskip=\skip47
\belowcaptionskip=\skip48
\bibindent=\dimen138
) (./arxiv.sty (/usr/local/texlive/2021/texmf-dist/tex/latex/lm/lmodern.sty
Package: lmodern 2015/05/01 v1.6.1 Latin Modern Fonts
LaTeX Font Info:    Overwriting symbol font `operators' in version `normal'
(Font)                  OT1/cmr/m/n --> OT1/lmr/m/n on input line 22.
LaTeX Font Info:    Overwriting symbol font `letters' in version `normal'
(Font)                  OML/cmm/m/it --> OML/lmm/m/it on input line 23.
LaTeX Font Info:    Overwriting symbol font `symbols' in version `normal'
(Font)                  OMS/cmsy/m/n --> OMS/lmsy/m/n on input line 24.
LaTeX Font Info:    Overwriting symbol font `largesymbols' in version `normal'
(Font)                  OMX/cmex/m/n --> OMX/lmex/m/n on input line 25.
LaTeX Font Info:    Overwriting symbol font `operators' in version `bold'
(Font)                  OT1/cmr/bx/n --> OT1/lmr/bx/n on input line 26.
LaTeX Font Info:    Overwriting symbol font `letters' in version `bold'
(Font)                  OML/cmm/b/it --> OML/lmm/b/it on input line 27.
LaTeX Font Info:    Overwriting symbol font `symbols' in version `bold'
(Font)                  OMS/cmsy/b/n --> OMS/lmsy/b/n on input line 28.
LaTeX Font Info:    Overwriting symbol font `largesymbols' in version `bold'
(Font)                  OMX/cmex/m/n --> OMX/lmex/m/n on input line 29.
LaTeX Font Info:    Overwriting math alphabet `\mathbf' in version `normal'
(Font)                  OT1/cmr/bx/n --> OT1/lmr/bx/n on input line 31.
LaTeX Font Info:    Overwriting math alphabet `\mathsf' in version `normal'
(Font)                  OT1/cmss/m/n --> OT1/lmss/m/n on input line 32.
LaTeX Font Info:    Overwriting math alphabet `\mathit' in version `normal'
(Font)                  OT1/cmr/m/it --> OT1/lmr/m/it on input line 33.
LaTeX Font Info:    Overwriting math alphabet `\mathtt' in version `normal'
(Font)                  OT1/cmtt/m/n --> OT1/lmtt/m/n on input line 34.
LaTeX Font Info:    Overwriting math alphabet `\mathbf' in version `bold'
(Font)                  OT1/cmr/bx/n --> OT1/lmr/bx/n on input line 35.
LaTeX Font Info:    Overwriting math alphabet `\mathsf' in version `bold'
(Font)                  OT1/cmss/bx/n --> OT1/lmss/bx/n on input line 36.
LaTeX Font Info:    Overwriting math alphabet `\mathit' in version `bold'
(Font)                  OT1/cmr/bx/it --> OT1/lmr/bx/it on input line 37.
LaTeX Font Info:    Overwriting math alphabet `\mathtt' in version `bold'
(Font)                  OT1/cmtt/m/n --> OT1/lmtt/m/n on input line 38.
) (/usr/local/texlive/2021/texmf-dist/tex/latex/geometry/geometry.sty
Package: geometry 2020/01/02 v5.9 Page Geometry
(/usr/local/texlive/2021/texmf-dist/tex/latex/graphics/keyval.sty
Package: keyval 2014/10/28 v1.15 key=value parser (DPC)
\KV@toks@=\toks15
) (/usr/local/texlive/2021/texmf-dist/tex/generic/iftex/ifvtex.sty
Package: ifvtex 2019/10/25 v1.7 ifvtex legacy package. Use iftex instead.
(/usr/local/texlive/2021/texmf-dist/tex/generic/iftex/iftex.sty
Package: iftex 2020/03/06 v1.0d TeX engine tests
))
\Gm@cnth=\count183
\Gm@cntv=\count184
\c@Gm@tempcnt=\count185
\Gm@bindingoffset=\dimen139
\Gm@wd@mp=\dimen140
\Gm@odd@mp=\dimen141
\Gm@even@mp=\dimen142
\Gm@layoutwidth=\dimen143
\Gm@layoutheight=\dimen144
\Gm@layouthoffset=\dimen145
\Gm@layoutvoffset=\dimen146
\Gm@dimlist=\toks16
) (/usr/local/texlive/2021/texmf-dist/tex/latex/fancyhdr/fancyhdr.sty
Package: fancyhdr 2021/01/28 v4.0.1 Extensive control of page headers and foote
rs
\f@nch@headwidth=\skip49
\f@nch@O@elh=\skip50
\f@nch@O@erh=\skip51
\f@nch@O@olh=\skip52
\f@nch@O@orh=\skip53
\f@nch@O@elf=\skip54
\f@nch@O@erf=\skip55
\f@nch@O@olf=\skip56
\f@nch@O@orf=\skip57
)
\@abovecaptionskip=\skip58
\@belowcaptionskip=\skip59
) (/usr/local/texlive/2021/texmf-dist/tex/latex/base/inputenc.sty
Package: inputenc 2020/08/01 v1.3d Input encoding file
\inpenc@prehook=\toks17
\inpenc@posthook=\toks18

Package inputenc Warning: inputenc package ignored with utf8 based engines.

) (/usr/local/texlive/2021/texmf-dist/tex/latex/base/fontenc.sty
Package: fontenc 2020/08/10 v2.0s Standard LaTeX package
LaTeX Font Info:    Trying to load font information for T1+lmr on input line 11
2.
(/usr/local/texlive/2021/texmf-dist/tex/latex/lm/t1lmr.fd
File: t1lmr.fd 2015/05/01 v1.6.1 Font defs for Latin Modern
)) (/usr/local/texlive/2021/texmf-dist/tex/latex/hyperref/hyperref.sty
Package: hyperref 2021-02-27 v7.00k Hypertext links for LaTeX
(/usr/local/texlive/2021/texmf-dist/tex/generic/ltxcmds/ltxcmds.sty
Package: ltxcmds 2020-05-10 v1.25 LaTeX kernel commands for general use (HO)
) (/usr/local/texlive/2021/texmf-dist/tex/generic/pdftexcmds/pdftexcmds.sty
Package: pdftexcmds 2020-06-27 v0.33 Utility functions of pdfTeX for LuaTeX (HO
)
(/usr/local/texlive/2021/texmf-dist/tex/generic/infwarerr/infwarerr.sty
Package: infwarerr 2019/12/03 v1.5 Providing info/warning/error messages (HO)
)
Package pdftexcmds Info: \pdf@primitive is available.
Package pdftexcmds Info: \pdf@ifprimitive is available.
Package pdftexcmds Info: \pdfdraftmode not found.
) (/usr/local/texlive/2021/texmf-dist/tex/generic/kvsetkeys/kvsetkeys.sty
Package: kvsetkeys 2019/12/15 v1.18 Key value parser (HO)
) (/usr/local/texlive/2021/texmf-dist/tex/generic/kvdefinekeys/kvdefinekeys.sty
Package: kvdefinekeys 2019-12-19 v1.6 Define keys (HO)
) (/usr/local/texlive/2021/texmf-dist/tex/generic/pdfescape/pdfescape.sty
Package: pdfescape 2019/12/09 v1.15 Implements pdfTeX's escape features (HO)
) (/usr/local/texlive/2021/texmf-dist/tex/latex/hycolor/hycolor.sty
Package: hycolor 2020-01-27 v1.10 Color options for hyperref/bookmark (HO)
) (/usr/local/texlive/2021/texmf-dist/tex/latex/letltxmacro/letltxmacro.sty
Package: letltxmacro 2019/12/03 v1.6 Let assignment for LaTeX macros (HO)
) (/usr/local/texlive/2021/texmf-dist/tex/latex/auxhook/auxhook.sty
Package: auxhook 2019-12-17 v1.6 Hooks for auxiliary files (HO)
) (/usr/local/texlive/2021/texmf-dist/tex/latex/kvoptions/kvoptions.sty
Package: kvoptions 2020-10-07 v3.14 Key value format for package options (HO)
)
\@linkdim=\dimen147
\Hy@linkcounter=\count186
\Hy@pagecounter=\count187
(/usr/local/texlive/2021/texmf-dist/tex/latex/hyperref/pd1enc.def
File: pd1enc.def 2021-02-27 v7.00k Hyperref: PDFDocEncoding definition (HO)
)
(/usr/local/texlive/2021/texmf-dist/tex/latex/hyperref/hyperref-langpatches.def
File: hyperref-langpatches.def 2021-02-27 v7.00k Hyperref: patches for babel la
nguages
) (/usr/local/texlive/2021/texmf-dist/tex/generic/intcalc/intcalc.sty
Package: intcalc 2019/12/15 v1.3 Expandable calculations with integers (HO)
) (/usr/local/texlive/2021/texmf-dist/tex/generic/etexcmds/etexcmds.sty
Package: etexcmds 2019/12/15 v1.7 Avoid name clashes with e-TeX commands (HO)
)
\Hy@SavedSpaceFactor=\count188
(/usr/local/texlive/2021/texmf-dist/tex/latex/hyperref/puenc.def
File: puenc.def 2021-02-27 v7.00k Hyperref: PDF Unicode definition (HO)
)
Package hyperref Info: Hyper figures OFF on input line 4192.
Package hyperref Info: Link nesting OFF on input line 4197.
Package hyperref Info: Hyper index ON on input line 4200.
Package hyperref Info: Plain pages OFF on input line 4207.
Package hyperref Info: Backreferencing OFF on input line 4212.
Package hyperref Info: Implicit mode ON; LaTeX internals redefined.
Package hyperref Info: Bookmarks ON on input line 4445.
\c@Hy@tempcnt=\count189
(/usr/local/texlive/2021/texmf-dist/tex/latex/url/url.sty
\Urlmuskip=\muskip16
Package: url 2013/09/16  ver 3.4  Verb mode for urls, etc.
)
LaTeX Info: Redefining \url on input line 4804.
\XeTeXLinkMargin=\dimen148
(/usr/local/texlive/2021/texmf-dist/tex/generic/bitset/bitset.sty
Package: bitset 2019/12/09 v1.3 Handle bit-vector datatype (HO)
(/usr/local/texlive/2021/texmf-dist/tex/generic/bigintcalc/bigintcalc.sty
Package: bigintcalc 2019/12/15 v1.5 Expandable calculations on big integers (HO
)
))
\Fld@menulength=\count190
\Field@Width=\dimen149
\Fld@charsize=\dimen150
Package hyperref Info: Hyper figures OFF on input line 6075.
Package hyperref Info: Link nesting OFF on input line 6080.
Package hyperref Info: Hyper index ON on input line 6083.
Package hyperref Info: backreferencing OFF on input line 6090.
Package hyperref Info: Link coloring OFF on input line 6095.
Package hyperref Info: Link coloring with OCG OFF on input line 6100.
Package hyperref Info: PDF/A mode OFF on input line 6105.
LaTeX Info: Redefining \ref on input line 6145.
LaTeX Info: Redefining \pageref on input line 6149.
(/usr/local/texlive/2021/texmf-dist/tex/latex/base/atbegshi-ltx.sty
Package: atbegshi-ltx 2020/08/17 v1.0a Emulation of the original atbegshi packa
ge
with kernel methods
)
\Hy@abspage=\count191
\c@Item=\count192
\c@Hfootnote=\count193
)
Package hyperref Info: Driver (autodetected): hxetex.
(/usr/local/texlive/2021/texmf-dist/tex/latex/hyperref/hxetex.def
File: hxetex.def 2021-02-27 v7.00k Hyperref driver for XeTeX
(/usr/local/texlive/2021/texmf-dist/tex/generic/stringenc/stringenc.sty
Package: stringenc 2019/11/29 v1.12 Convert strings between diff. encodings (HO
)
)
\pdfm@box=\box47
\c@Hy@AnnotLevel=\count194
\HyField@AnnotCount=\count195
\Fld@listcount=\count196
\c@bookmark@seq@number=\count197

(/usr/local/texlive/2021/texmf-dist/tex/latex/rerunfilecheck/rerunfilecheck.sty
Package: rerunfilecheck 2019/12/05 v1.9 Rerun checks for auxiliary files (HO)
(/usr/local/texlive/2021/texmf-dist/tex/latex/base/atveryend-ltx.sty
Package: atveryend-ltx 2020/08/19 v1.0a Emulation of the original atvery packag
e
with kernel methods
)
(/usr/local/texlive/2021/texmf-dist/tex/generic/uniquecounter/uniquecounter.sty
Package: uniquecounter 2019/12/15 v1.4 Provide unlimited unique counter (HO)
)
Package uniquecounter Info: New unique counter `rerunfilecheck' on input line 2
86.
)
\Hy@SectionHShift=\skip60
) (/usr/local/texlive/2021/texmf-dist/tex/latex/datetime/datetime.sty
Package: datetime 2015/03/20 v2.60 Date Time Package
(/usr/local/texlive/2021/texmf-dist/tex/latex/etoolbox/etoolbox.sty
Package: etoolbox 2020/10/05 v2.5k e-TeX tools for LaTeX (JAW)
\etb@tempcnta=\count198
) (/usr/local/texlive/2021/texmf-dist/tex/latex/fmtcount/fmtcount.sty
Invalid UTF-8 byte or sequence at line 10 replaced by U+FFFD.
Invalid UTF-8 byte or sequence at line 22 replaced by U+FFFD.
Package: fmtcount 2020/01/30 v3.07
(/usr/local/texlive/2021/texmf-dist/tex/latex/base/ifthen.sty
Package: ifthen 2014/09/29 v1.1c Standard LaTeX ifthen package (DPC)
) (/usr/local/texlive/2021/texmf-dist/tex/latex/xkeyval/xkeyval.sty
Package: xkeyval 2020/11/20 v2.8 package option processing (HA)
(/usr/local/texlive/2021/texmf-dist/tex/generic/xkeyval/xkeyval.tex (/usr/local
/texlive/2021/texmf-dist/tex/generic/xkeyval/xkvutils.tex
\XKV@toks=\toks19
\XKV@tempa@toks=\toks20
)
\XKV@depth=\count199
File: xkeyval.tex 2014/12/03 v2.7a key=value parser (HA)
)) (/usr/local/texlive/2021/texmf-dist/tex/latex/fmtcount/fcprefix.sty
Invalid UTF-8 byte or sequence at line 10 replaced by U+FFFD.
Invalid UTF-8 byte or sequence at line 22 replaced by U+FFFD.
Package: fcprefix 2012/09/28
(/usr/local/texlive/2021/texmf-dist/tex/latex/fmtcount/fcnumparser.sty
Invalid UTF-8 byte or sequence at line 10 replaced by U+FFFD.
Invalid UTF-8 byte or sequence at line 22 replaced by U+FFFD.
Package: fcnumparser 2017/06/15
\fc@digit@counter=\count266
)) (/usr/local/texlive/2021/texmf-dist/tex/latex/amsmath/amsgen.sty
File: amsgen.sty 1999/11/30 v2.0 generic functions
\@emptytoks=\toks21
\ex@=\dimen151
)
\c@padzeroesN=\count267
\fc@tmpcatcode=\count268
\@DT@modctr=\count269
\@ordinalctr=\count270
\@orgargctr=\count271
\@strctr=\count272
\@tmpstrctr=\count273
\@DT@loopN=\count274
\@DT@X=\count275
) (/usr/local/texlive/2021/texmf-dist/tex/latex/datetime/datetime-defaults.sty
Package: datetime-defaults 2013/09/10
)
\@day=\count276
\@month=\count277
\@year=\count278
\c@HOUR=\count279
\c@HOURXII=\count280
\c@MINUTE=\count281
\c@TOHOUR=\count282
\c@TOMINUTE=\count283
\c@SECOND=\count284
\currenthour=\count285
\currentminute=\count286
\currentsecond=\count287
Package datetime Info: No datetime.cfg file found, using default settings on in
put line 308.
\@dtctr=\count288
\dayofyear=\count289
\dayofweek=\count290
LaTeX Info: Redefining \today on input line 736.
\dt@a=\toks22
\dt@b=\toks23
) (/usr/local/texlive/2021/texmf-dist/tex/latex/booktabs/booktabs.sty
Package: booktabs 2020/01/12 v1.61803398 Publication quality tables
\heavyrulewidth=\dimen152
\lightrulewidth=\dimen153
\cmidrulewidth=\dimen154
\belowrulesep=\dimen155
\belowbottomsep=\dimen156
\aboverulesep=\dimen157
\abovetopsep=\dimen158
\cmidrulesep=\dimen159
\cmidrulekern=\dimen160
\defaultaddspace=\dimen161
\@cmidla=\count291
\@cmidlb=\count292
\@aboverulesep=\dimen162
\@belowrulesep=\dimen163
\@thisruleclass=\count293
\@lastruleclass=\count294
\@thisrulewidth=\dimen164
) (/usr/local/texlive/2021/texmf-dist/tex/latex/amsfonts/amsfonts.sty
Package: amsfonts 2013/01/14 v3.01 Basic AMSFonts support
\symAMSa=\mathgroup4
\symAMSb=\mathgroup5
LaTeX Font Info:    Redeclaring math symbol \hbar on input line 98.
LaTeX Font Info:    Overwriting math alphabet `\mathfrak' in version `bold'
(Font)                  U/euf/m/n --> U/euf/b/n on input line 106.
) (/usr/local/texlive/2021/texmf-dist/tex/latex/units/nicefrac.sty
Package: nicefrac 1998/08/04 v0.9b Nice fractions
\L@UnitsRaiseDisplaystyle=\skip61
\L@UnitsRaiseTextstyle=\skip62
\L@UnitsRaiseScriptstyle=\skip63
) (/usr/local/texlive/2021/texmf-dist/tex/latex/microtype/microtype.sty
Package: microtype 2021/03/14 v2.8c Micro-typographical refinements (RS)
\MT@toks=\toks24
\MT@count=\count295
LaTeX Info: Redefining \textls on input line 790.
\MT@outer@kern=\dimen165
LaTeX Info: Redefining \textmicrotypecontext on input line 1374.
\MT@listname@count=\count296
(/usr/local/texlive/2021/texmf-dist/tex/latex/microtype/microtype-xetex.def
File: microtype-xetex.def 2021/03/14 v2.8c Definitions specific to xetex (RS)
LaTeX Info: Redefining \lsstyle on input line 254.
)
Package microtype Info: Loading configuration file microtype.cfg.
(/usr/local/texlive/2021/texmf-dist/tex/latex/microtype/microtype.cfg
File: microtype.cfg 2021/03/14 v2.8c microtype main configuration file (RS)
)) (/usr/local/texlive/2021/texmf-dist/tex/latex/graphics/graphicx.sty
Package: graphicx 2020/09/09 v1.2b Enhanced LaTeX Graphics (DPC,SPQR)
(/usr/local/texlive/2021/texmf-dist/tex/latex/graphics/graphics.sty
Package: graphics 2020/08/30 v1.4c Standard LaTeX Graphics (DPC,SPQR)
(/usr/local/texlive/2021/texmf-dist/tex/latex/graphics/trig.sty
Package: trig 2016/01/03 v1.10 sin cos tan (DPC)
) (/usr/local/texlive/2021/texmf-dist/tex/latex/graphics-cfg/graphics.cfg
File: graphics.cfg 2016/06/04 v1.11 sample graphics configuration
)
Package graphics Info: Driver file: xetex.def on input line 105.
(/usr/local/texlive/2021/texmf-dist/tex/latex/graphics-def/xetex.def
File: xetex.def 2021/03/18 v5.0k Graphics/color driver for xetex
))
\Gin@req@height=\dimen166
\Gin@req@width=\dimen167
) (/usr/local/texlive/2021/texmf-dist/tex/latex/natbib/natbib.sty
Package: natbib 2010/09/13 8.31b (PWD, AO)
\bibhang=\skip64
\bibsep=\skip65
LaTeX Info: Redefining \cite on input line 694.
\c@NAT@ctr=\count297
) (/usr/local/texlive/2021/texmf-dist/tex/latex/doi/doi.sty
Package: doi 2018/09/09 handle doi numbers
) (/usr/local/texlive/2021/texmf-dist/tex/latex/xcolor/xcolor.sty
Package: xcolor 2016/05/11 v2.12 LaTeX color extensions (UK)
(/usr/local/texlive/2021/texmf-dist/tex/latex/graphics-cfg/color.cfg
File: color.cfg 2016/01/02 v1.6 sample color configuration
)
Package xcolor Info: Driver file: xetex.def on input line 225.
Package xcolor Info: Model `cmy' substituted by `cmy0' on input line 1348.
Package xcolor Info: Model `RGB' extended on input line 1364.
Package xcolor Info: Model `HTML' substituted by `rgb' on input line 1366.
Package xcolor Info: Model `Hsb' substituted by `hsb' on input line 1367.
Package xcolor Info: Model `tHsb' substituted by `hsb' on input line 1368.
Package xcolor Info: Model `HSB' substituted by `hsb' on input line 1369.
Package xcolor Info: Model `Gray' substituted by `gray' on input line 1370.
Package xcolor Info: Model `wave' substituted by `hsb' on input line 1371.
) (/usr/local/texlive/2021/texmf-dist/tex/latex/amsmath/amsmath.sty
Package: amsmath 2020/09/23 v2.17i AMS math features
\@mathmargin=\skip66
For additional information on amsmath, use the `?' option.
(/usr/local/texlive/2021/texmf-dist/tex/latex/amsmath/amstext.sty
Package: amstext 2000/06/29 v2.01 AMS text
) (/usr/local/texlive/2021/texmf-dist/tex/latex/amsmath/amsbsy.sty
Package: amsbsy 1999/11/29 v1.2d Bold Symbols
\pmbraise@=\dimen168
) (/usr/local/texlive/2021/texmf-dist/tex/latex/amsmath/amsopn.sty
Package: amsopn 2016/03/08 v2.02 operator names
)
\inf@bad=\count298
LaTeX Info: Redefining \frac on input line 234.
\uproot@=\count299
\leftroot@=\count300
LaTeX Info: Redefining \overline on input line 399.
\classnum@=\count301
\DOTSCASE@=\count302
LaTeX Info: Redefining \ldots on input line 496.
LaTeX Info: Redefining \dots on input line 499.
LaTeX Info: Redefining \cdots on input line 620.
\Mathstrutbox@=\box48
\strutbox@=\box49
\big@size=\dimen169
LaTeX Font Info:    Redeclaring font encoding OML on input line 743.
LaTeX Font Info:    Redeclaring font encoding OMS on input line 744.
\macc@depth=\count303
\c@MaxMatrixCols=\count304
\dotsspace@=\muskip17
\c@parentequation=\count305
\dspbrk@lvl=\count306
\tag@help=\toks25
\row@=\count307
\column@=\count308
\maxfields@=\count309
\andhelp@=\toks26
\eqnshift@=\dimen170
\alignsep@=\dimen171
\tagshift@=\dimen172
\tagwidth@=\dimen173
\totwidth@=\dimen174
\lineht@=\dimen175
\@envbody=\toks27
\multlinegap=\skip67
\multlinetaggap=\skip68
\mathdisplay@stack=\toks28
LaTeX Info: Redefining \[ on input line 2923.
LaTeX Info: Redefining \] on input line 2924.
)
Package hyperref Info: Option `colorlinks' set `true' on input line 28.

Package hyperref Warning: Token not allowed in a PDF string (Unicode):
(hyperref)                removing `\spacefactor' on input line 58.


Package hyperref Warning: Token not allowed in a PDF string (Unicode):
(hyperref)                removing `\@m' on input line 58.


Package hyperref Warning: Token not allowed in a PDF string (Unicode):
(hyperref)                removing `\spacefactor' on input line 58.


Package hyperref Warning: Token not allowed in a PDF string (Unicode):
(hyperref)                removing `\@m' on input line 58.

(/usr/local/texlive/2021/texmf-dist/tex/latex/l3backend/l3backend-xetex.def
File: l3backend-xetex.def 2021-03-18 L3 backend support: XeTeX
(|extractbb --version)
\c__kernel_sys_dvipdfmx_version_int=\count310
\l__color_backend_stack_int=\count311
\g__color_backend_stack_int=\count312
\g__graphics_track_int=\count313
\l__pdf_internal_box=\box50
\g__pdf_backend_object_int=\count314
\g__pdf_backend_annotation_int=\count315
\g__pdf_backend_link_int=\count316
) (./connattractor_manuscript.aux)
\openout1 = `connattractor_manuscript.aux'.

LaTeX Font Info:    Checking defaults for OML/cmm/m/it on input line 60.
LaTeX Font Info:    ... okay on input line 60.
LaTeX Font Info:    Checking defaults for OMS/cmsy/m/n on input line 60.
LaTeX Font Info:    ... okay on input line 60.
LaTeX Font Info:    Checking defaults for OT1/cmr/m/n on input line 60.
LaTeX Font Info:    ... okay on input line 60.
LaTeX Font Info:    Checking defaults for T1/cmr/m/n on input line 60.
LaTeX Font Info:    ... okay on input line 60.
LaTeX Font Info:    Checking defaults for TS1/cmr/m/n on input line 60.
LaTeX Font Info:    Trying to load font information for TS1+cmr on input line 6
0.
(/usr/local/texlive/2021/texmf-dist/tex/latex/base/ts1cmr.fd
File: ts1cmr.fd 2019/12/16 v2.5j Standard LaTeX font definitions
)
LaTeX Font Info:    ... okay on input line 60.
LaTeX Font Info:    Checking defaults for TU/lmr/m/n on input line 60.
LaTeX Font Info:    ... okay on input line 60.
LaTeX Font Info:    Checking defaults for OMX/cmex/m/n on input line 60.
LaTeX Font Info:    ... okay on input line 60.
LaTeX Font Info:    Checking defaults for U/cmr/m/n on input line 60.
LaTeX Font Info:    ... okay on input line 60.
LaTeX Font Info:    Checking defaults for PD1/pdf/m/n on input line 60.
LaTeX Font Info:    ... okay on input line 60.
LaTeX Font Info:    Checking defaults for PU/pdf/m/n on input line 60.
LaTeX Font Info:    ... okay on input line 60.
*geometry* driver: auto-detecting
*geometry* detected driver: xetex
*geometry* verbose mode - [ preamble ] result:
* driver: xetex
* paper: letterpaper
* layout: <same size as paper>
* layoutoffset:(h,v)=(0.0pt,0.0pt)
* modes: 
* h-part:(L,W,R)=(92.14519pt, 430.00462pt, 92.14519pt)
* v-part:(T,H,B)=(95.39737pt, 556.47656pt, 143.09605pt)
* \paperwidth=614.295pt
* \paperheight=794.96999pt
* \textwidth=430.00462pt
* \textheight=556.47656pt
* \oddsidemargin=19.8752pt
* \evensidemargin=19.8752pt
* \topmargin=-13.87262pt
* \headheight=12.0pt
* \headsep=25.0pt
* \topskip=10.0pt
* \footskip=30.0pt
* \marginparwidth=65.0pt
* \marginparsep=11.0pt
* \columnsep=10.0pt
* \skip\footins=9.0pt plus 4.0pt minus 2.0pt
* \hoffset=0.0pt
* \voffset=0.0pt
* \mag=1000
* \@twocolumnfalse
* \@twosidefalse
* \@mparswitchfalse
* \@reversemarginfalse
* (1in=72.27pt=25.4mm, 1cm=28.453pt)

*geometry* verbose mode - [ newgeometry ] result:
* driver: xetex
* paper: letterpaper
* layout: <same size as paper>
* layoutoffset:(h,v)=(0.0pt,0.0pt)
* modes: 
* h-part:(L,W,R)=(72.27pt, 469.75499pt, 72.27pt)
* v-part:(T,H,B)=(72.26999pt, 650.43pt, 72.27pt)
* \paperwidth=614.295pt
* \paperheight=794.96999pt
* \textwidth=469.75499pt
* \textheight=650.43pt
* \oddsidemargin=0.00002pt
* \evensidemargin=0.00002pt
* \topmargin=-39.0pt
* \headheight=14.0pt
* \headsep=25.0pt
* \topskip=10.0pt
* \footskip=30.0pt
* \marginparwidth=65.0pt
* \marginparsep=11.0pt
* \columnsep=10.0pt
* \skip\footins=9.0pt plus 4.0pt minus 2.0pt
* \hoffset=0.0pt
* \voffset=0.0pt
* \mag=1000
* \@twocolumnfalse
* \@twosidefalse
* \@mparswitchfalse
* \@reversemarginfalse
* (1in=72.27pt=25.4mm, 1cm=28.453pt)

Package hyperref Info: Link coloring ON on input line 60.
(/usr/local/texlive/2021/texmf-dist/tex/latex/hyperref/nameref.sty
Package: nameref 2021-04-02 v2.47 Cross-referencing by name of section
(/usr/local/texlive/2021/texmf-dist/tex/latex/refcount/refcount.sty
Package: refcount 2019/12/15 v3.6 Data extraction from label references (HO)
)
(/usr/local/texlive/2021/texmf-dist/tex/generic/gettitlestring/gettitlestring.s
ty
Package: gettitlestring 2019/12/15 v1.6 Cleanup title references (HO)
)
\c@section@level=\count317
)
LaTeX Info: Redefining \ref on input line 60.
LaTeX Info: Redefining \pageref on input line 60.
LaTeX Info: Redefining \nameref on input line 60.
(./connattractor_manuscript.out) (./connattractor_manuscript.out)
\@outlinefile=\write3
\openout3 = `connattractor_manuscript.out'.

(/usr/local/texlive/2021/texmf-dist/tex/latex/fmtcount/fc-english.def
Invalid UTF-8 byte or sequence at line 10 replaced by U+FFFD.
Invalid UTF-8 byte or sequence at line 22 replaced by U+FFFD.
File: fc-english.def 2016/01/12
)
LaTeX Info: Redefining \microtypecontext on input line 60.
Package microtype Info: Character protrusion enabled (level 2).
Package microtype Info: Using default protrusion set `alltext'.
Package microtype Info: No adjustment of tracking.
Package microtype Info: No adjustment of spacing.
Package microtype Info: No adjustment of kerning.
(/usr/local/texlive/2021/texmf-dist/tex/latex/microtype/mt-cmr.cfg
File: mt-cmr.cfg 2013/05/19 v2.2 microtype config. file: Computer Modern Roman 
(RS)
)
Package microtype Info: Character `029' is missing
(microtype)             in font `T1/lmr/m/sc/17.28'.
(microtype)             Ignoring protrusion settings for this character.
Package microtype Info: Character `029' is missing
(microtype)             in font `T1/lmr/m/sc/10'.
(microtype)             Ignoring protrusion settings for this character.
LaTeX Font Info:    Trying to load font information for OT1+lmr on input line 6
2.
(/usr/local/texlive/2021/texmf-dist/tex/latex/lm/ot1lmr.fd
File: ot1lmr.fd 2015/05/01 v1.6.1 Font defs for Latin Modern
)
LaTeX Font Info:    Trying to load font information for OML+lmm on input line 6
2.
(/usr/local/texlive/2021/texmf-dist/tex/latex/lm/omllmm.fd
File: omllmm.fd 2015/05/01 v1.6.1 Font defs for Latin Modern
)
LaTeX Font Info:    Trying to load font information for OMS+lmsy on input line 
62.
(/usr/local/texlive/2021/texmf-dist/tex/latex/lm/omslmsy.fd
File: omslmsy.fd 2015/05/01 v1.6.1 Font defs for Latin Modern
)
LaTeX Font Info:    Trying to load font information for OMX+lmex on input line 
62.
(/usr/local/texlive/2021/texmf-dist/tex/latex/lm/omxlmex.fd
File: omxlmex.fd 2015/05/01 v1.6.1 Font defs for Latin Modern
)
LaTeX Font Info:    External font `lmex10' loaded for size
(Font)              <10> on input line 62.
LaTeX Font Info:    External font `lmex10' loaded for size
(Font)              <7> on input line 62.
LaTeX Font Info:    External font `lmex10' loaded for size
(Font)              <5> on input line 62.
LaTeX Font Info:    Trying to load font information for U+msa on input line 62.

(/usr/local/texlive/2021/texmf-dist/tex/latex/amsfonts/umsa.fd
File: umsa.fd 2013/01/14 v3.01 AMS symbols A
) (/usr/local/texlive/2021/texmf-dist/tex/latex/microtype/mt-msa.cfg
File: mt-msa.cfg 2006/02/04 v1.1 microtype config. file: AMS symbols (a) (RS)
)
LaTeX Font Info:    Trying to load font information for U+msb on input line 62.

(/usr/local/texlive/2021/texmf-dist/tex/latex/amsfonts/umsb.fd
File: umsb.fd 2013/01/14 v3.01 AMS symbols B
) (/usr/local/texlive/2021/texmf-dist/tex/latex/microtype/mt-msb.cfg
File: mt-msb.cfg 2005/06/01 v1.0 microtype config. file: AMS symbols (b) (RS)
)
LaTeX Font Info:    External font `lmex10' loaded for size
(Font)              <9> on input line 62.
LaTeX Font Info:    External font `lmex10' loaded for size
(Font)              <6> on input line 62.

LaTeX Font Warning: Font shape `T1/lmr/bx/sc' undefined
(Font)              using `T1/lmr/bx/n' instead on input line 64.


Package hyperref Warning: Suppressing empty link on input line 87.


Package hyperref Warning: Suppressing empty link on input line 88.


Package hyperref Warning: Suppressing empty link on input line 89.


Package hyperref Warning: Suppressing empty link on input line 89.


Package hyperref Warning: Suppressing empty link on input line 89.


Package hyperref Warning: Suppressing empty link on input line 89.


Package hyperref Warning: Suppressing empty link on input line 89.


Package hyperref Warning: Suppressing empty link on input line 89.


Package hyperref Warning: Suppressing empty link on input line 89.


Package hyperref Warning: Suppressing empty link on input line 91.


Package hyperref Warning: Suppressing empty link on input line 91.


Package hyperref Warning: Suppressing empty link on input line 91.


Package hyperref Warning: Suppressing empty link on input line 91.


Package hyperref Warning: Suppressing empty link on input line 91.


Package hyperref Warning: Suppressing empty link on input line 91.


Package hyperref Warning: Suppressing empty link on input line 91.


Package hyperref Warning: Suppressing empty link on input line 96.


Package hyperref Warning: Suppressing empty link on input line 97.


Package hyperref Warning: Suppressing empty link on input line 97.


Package hyperref Warning: Suppressing empty link on input line 97.

[1


]

Package hyperref Warning: Suppressing empty link on input line 99.


Package hyperref Warning: Suppressing empty link on input line 99.


Package hyperref Warning: Suppressing empty link on input line 100.


Package hyperref Warning: Suppressing empty link on input line 100.


Package hyperref Warning: Suppressing empty link on input line 104.


Package hyperref Warning: Suppressing empty link on input line 104.


Package hyperref Warning: Suppressing empty link on input line 105.


Package hyperref Warning: Suppressing empty link on input line 105.

File: files/concept-fc61e809920bee5c5ec3407459032fc2.png Graphic file (type bmp
)
<files/concept-fc61e809920bee5c5ec3407459032fc2.png>
Runaway argument?
{\textbf {Connectome-based Hopfield networks as models of macro-scale\ETC.
./connattractor_manuscript.tex:118: Paragraph ended before \NR@gettitle was com
plete.
<to be read again> 
                   \par 
l.118 ...d/or connectivity modify these dynamics.}
                                                  
I suspect you've forgotten a `}', causing me to apply this
control sequence to too much text. How can we recover?
My plan is to forget the whole thing and hope for the best.

Runaway argument?
{\protect \numberline {\csname the\@captype \endcsname }{\ignorespaces \ETC.
./connattractor_manuscript.tex:118: Paragraph ended before \addcontentsline was
 complete.
<to be read again> 
                   \par 
l.118 ...d/or connectivity modify these dynamics.}
                                                  
I suspect you've forgotten a `}', causing me to apply this
control sequence to too much text. How can we recover?
My plan is to forget the whole thing and hope for the best.

./connattractor_manuscript.tex:118: Extra }, or forgotten \endgroup.
\Hy@tempa ...e the#1\endcsname }{\ignorespaces #2}
                                                  }\begingroup \@parboxresto...
l.118 ...d/or connectivity modify these dynamics.}
                                                  
I've deleted a group-closing symbol because it seems to be
spurious, as in `$x}$'. But perhaps the } is legitimate and
you forgot something else, as in `\hbox{$x}'. In such cases
the way to recover is to insert both the forgotten and the
deleted material, e.g., by typing `I$}'.

./connattractor_manuscript.tex:118: Extra }, or forgotten \endgroup.
\Hy@tempa ... the#1\endcsname }{\ignorespaces #2}}
                                                  \begingroup \@parboxrestor...
l.118 ...d/or connectivity modify these dynamics.}
                                                  
I've deleted a group-closing symbol because it seems to be
spurious, as in `$x}$'. But perhaps the } is legitimate and
you forgot something else, as in `\hbox{$x}'. In such cases
the way to recover is to insert both the forgotten and the
deleted material, e.g., by typing `I$}'.


Underfull \hbox (badness 10000) in paragraph at lines 118--118

 []


Underfull \hbox (badness 10000) in paragraph at lines 118--118

 []

./connattractor_manuscript.tex:120: Extra }, or forgotten \endgroup.
\@endfloatbox ...pagefalse \outer@nobreak \egroup 
                                                  \color@endbox 
l.120 \end{figure}
                  
I've deleted a group-closing symbol because it seems to be
spurious, as in `$x}$'. But perhaps the } is legitimate and
you forgot something else, as in `\hbox{$x}'. In such cases
the way to recover is to insert both the forgotten and the
deleted material, e.g., by typing `I$}'.


LaTeX Warning: Reference `tab-samples' on page 2 undefined on input line 136.


Package hyperref Warning: Suppressing empty link on input line 136.


Package hyperref Warning: Suppressing empty link on input line 136.


Package hyperref Warning: Suppressing empty link on input line 136.


Package hyperref Warning: Suppressing empty link on input line 136.


Underfull \vbox (badness 10000) has occurred while \output is active []

Package microtype Info: Character `029' is missing
(microtype)             in font `T1/lmr/m/sc/9'.
(microtype)             Ignoring protrusion settings for this character.
[2] [3]

Package hyperref Warning: Suppressing empty link on input line 144.


Package hyperref Warning: Suppressing empty link on input line 146.


Package hyperref Warning: Suppressing empty link on input line 146.


LaTeX Warning: Reference `tab-samples' on page 4 undefined on input line 147.

File: files/embedding_method-78f8071a1c322ba464e9c83b5777e057.png Graphic file 
(type bmp)
<files/embedding_method-78f8071a1c322ba464e9c83b5777e057.png>
Runaway argument?
{\textbf {Attractor states and state-space dynamics of connectome-bas\ETC.
./connattractor_manuscript.tex:161: Paragraph ended before \NR@gettitle was com
plete.
<to be read again> 
                   \par 
l.161 ...$\sigma=0.01$ for the rest of the paper.}
                                                  
I suspect you've forgotten a `}', causing me to apply this
control sequence to too much text. How can we recover?
My plan is to forget the whole thing and hope for the best.


LaTeX Warning: Reference `tab-samples' on page 4 undefined on input line 161.

Runaway argument?
{\protect \numberline {\csname the\@captype \endcsname }{\ignorespaces \ETC.
./connattractor_manuscript.tex:161: Paragraph ended before \addcontentsline was
 complete.
<to be read again> 
                   \par 
l.161 ...$\sigma=0.01$ for the rest of the paper.}
                                                  
I suspect you've forgotten a `}', causing me to apply this
control sequence to too much text. How can we recover?
My plan is to forget the whole thing and hope for the best.


LaTeX Warning: Reference `tab-samples' on page 4 undefined on input line 161.

./connattractor_manuscript.tex:161: Extra }, or forgotten \endgroup.
\Hy@tempa ...e the#1\endcsname }{\ignorespaces #2}
                                                  }\begingroup \@parboxresto...
l.161 ...$\sigma=0.01$ for the rest of the paper.}
                                                  
I've deleted a group-closing symbol because it seems to be
spurious, as in `$x}$'. But perhaps the } is legitimate and
you forgot something else, as in `\hbox{$x}'. In such cases
the way to recover is to insert both the forgotten and the
deleted material, e.g., by typing `I$}'.

./connattractor_manuscript.tex:161: Extra }, or forgotten \endgroup.
\Hy@tempa ... the#1\endcsname }{\ignorespaces #2}}
                                                  \begingroup \@parboxrestor...
l.161 ...$\sigma=0.01$ for the rest of the paper.}
                                                  
I've deleted a group-closing symbol because it seems to be
spurious, as in `$x}$'. But perhaps the } is legitimate and
you forgot something else, as in `\hbox{$x}'. In such cases
the way to recover is to insert both the forgotten and the
deleted material, e.g., by typing `I$}'.


LaTeX Warning: Reference `tab-samples' on page 4 undefined on input line 161.


Underfull \hbox (badness 10000) in paragraph at lines 161--161

 []


Underfull \hbox (badness 10000) in paragraph at lines 161--161

 []


LaTeX Warning: Reference `tab-samples' on page 4 undefined on input line 161.

./connattractor_manuscript.tex:163: Extra }, or forgotten \endgroup.
\@endfloatbox ...pagefalse \outer@nobreak \egroup 
                                                  \color@endbox 
l.163 \end{figure}
                  
I've deleted a group-closing symbol because it seems to be
spurious, as in `$x}$'. But perhaps the } is legitimate and
you forgot something else, as in `\hbox{$x}'. In such cases
the way to recover is to insert both the forgotten and the
deleted material, e.g., by typing `I$}'.


LaTeX Warning: Float too large for page by 336.03108pt on input line 163.


Package hyperref Warning: Suppressing empty link on input line 167.


Package hyperref Warning: Suppressing empty link on input line 167.


Package hyperref Warning: Suppressing empty link on input line 178.


Package hyperref Warning: Suppressing empty link on input line 178.


Package hyperref Warning: Suppressing empty link on input line 178.

File: files/face_validity-5ac36fb89fa9e430ba21d16e45c34771.png Graphic file (ty
pe bmp)
<files/face_validity-5ac36fb89fa9e430ba21d16e45c34771.png>
Runaway argument?
{\textbf {Connectome-based Hopfield networks reconstruct characterist\ETC.
./connattractor_manuscript.tex:189: Paragraph ended before \NR@gettitle was com
plete.
<to be read again> 
                   \par 
l.189 ...me the CBH network was initialized with.}
                                                  
I suspect you've forgotten a `}', causing me to apply this
control sequence to too much text. How can we recover?
My plan is to forget the whole thing and hope for the best.


Package hyperref Warning: Suppressing empty link on input line 189.


Package hyperref Warning: Suppressing empty link on input line 189.


Package hyperref Warning: Suppressing empty link on input line 189.


Package hyperref Warning: Suppressing empty link on input line 189.


LaTeX Warning: Reference `tab-samples' on page 4 undefined on input line 189.

Runaway argument?
{\protect \numberline {\csname the\@captype \endcsname }{\ignorespaces \ETC.
./connattractor_manuscript.tex:189: Paragraph ended before \addcontentsline was
 complete.
<to be read again> 
                   \par 
l.189 ...me the CBH network was initialized with.}
                                                  
I suspect you've forgotten a `}', causing me to apply this
control sequence to too much text. How can we recover?
My plan is to forget the whole thing and hope for the best.


Package hyperref Warning: Suppressing empty link on input line 189.


Package hyperref Warning: Suppressing empty link on input line 189.


Package hyperref Warning: Suppressing empty link on input line 189.


Package hyperref Warning: Suppressing empty link on input line 189.


LaTeX Warning: Reference `tab-samples' on page 4 undefined on input line 189.

./connattractor_manuscript.tex:189: Extra }, or forgotten \endgroup.
\Hy@tempa ...e the#1\endcsname }{\ignorespaces #2}
                                                  }\begingroup \@parboxresto...
l.189 ...me the CBH network was initialized with.}
                                                  
I've deleted a group-closing symbol because it seems to be
spurious, as in `$x}$'. But perhaps the } is legitimate and
you forgot something else, as in `\hbox{$x}'. In such cases
the way to recover is to insert both the forgotten and the
deleted material, e.g., by typing `I$}'.

./connattractor_manuscript.tex:189: Extra }, or forgotten \endgroup.
\Hy@tempa ... the#1\endcsname }{\ignorespaces #2}}
                                                  \begingroup \@parboxrestor...
l.189 ...me the CBH network was initialized with.}
                                                  
I've deleted a group-closing symbol because it seems to be
spurious, as in `$x}$'. But perhaps the } is legitimate and
you forgot something else, as in `\hbox{$x}'. In such cases
the way to recover is to insert both the forgotten and the
deleted material, e.g., by typing `I$}'.


Package hyperref Warning: Suppressing empty link on input line 189.


Package hyperref Warning: Suppressing empty link on input line 189.


Package hyperref Warning: Suppressing empty link on input line 189.


Package hyperref Warning: Suppressing empty link on input line 189.


LaTeX Warning: Reference `tab-samples' on page 4 undefined on input line 189.


Underfull \hbox (badness 10000) in paragraph at lines 189--189

 []


Package hyperref Warning: Suppressing empty link on input line 189.


Package hyperref Warning: Suppressing empty link on input line 189.


Package hyperref Warning: Suppressing empty link on input line 189.


Package hyperref Warning: Suppressing empty link on input line 189.


LaTeX Warning: Reference `tab-samples' on page 4 undefined on input line 189.

./connattractor_manuscript.tex:191: Extra }, or forgotten \endgroup.
\@endfloatbox ...pagefalse \outer@nobreak \egroup 
                                                  \color@endbox 
l.191 \end{figure}
                  
I've deleted a group-closing symbol because it seems to be
spurious, as in `$x}$'. But perhaps the } is legitimate and
you forgot something else, as in `\hbox{$x}'. In such cases
the way to recover is to insert both the forgotten and the
deleted material, e.g., by typing `I$}'.


LaTeX Warning: Float too large for page by 76.86665pt on input line 191.


Package hyperref Warning: Suppressing empty link on input line 193.


LaTeX Warning: Reference `tab-samples' on page 4 undefined on input line 193.

[4] [5] [6]
./connattractor_manuscript.tex:198: Undefined control sequence.
<recently read> \Chi 
                     
l.198 ...es to those predicted by the model ($\Chi
                                                  ^2$-test of equal occupanc...
The control sequence at the end of the top line
of your error message was never \def'ed. If you have
misspelled it (e.g., `\hobx'), type `I' and the correct
spelling (e.g., `I\hbox'). Otherwise just continue,
and I'll forget about whatever was undefined.


Package hyperref Warning: Suppressing empty link on input line 208.


LaTeX Warning: Reference `tab-samples' on page 7 undefined on input line 208.


Package hyperref Warning: Suppressing empty link on input line 211.

File: files/task_validity-d1d22756579e5bc6fc8052611b6b36b3.png Graphic file (ty
pe bmp)
<files/task_validity-d1d22756579e5bc6fc8052611b6b36b3.png>
Runaway argument?
{\textbf {Empirical Hopfield-networks reconstruct real task-based bra\ETC.
./connattractor_manuscript.tex:222: Paragraph ended before \NR@gettitle was com
plete.
<to be read again> 
                   \par 
l.222 ...ernal inpout, rather than predestinated.}
                                                  
I suspect you've forgotten a `}', causing me to apply this
control sequence to too much text. How can we recover?
My plan is to forget the whole thing and hope for the best.


LaTeX Warning: Reference `tab-samples' on page 7 undefined on input line 222.


Package hyperref Warning: Suppressing empty link on input line 222.

Runaway argument?
{\protect \numberline {\csname the\@captype \endcsname }{\ignorespaces \ETC.
./connattractor_manuscript.tex:222: Paragraph ended before \addcontentsline was
 complete.
<to be read again> 
                   \par 
l.222 ...ernal inpout, rather than predestinated.}
                                                  
I suspect you've forgotten a `}', causing me to apply this
control sequence to too much text. How can we recover?
My plan is to forget the whole thing and hope for the best.


LaTeX Warning: Reference `tab-samples' on page 7 undefined on input line 222.


Package hyperref Warning: Suppressing empty link on input line 222.

./connattractor_manuscript.tex:222: Extra }, or forgotten \endgroup.
\Hy@tempa ...e the#1\endcsname }{\ignorespaces #2}
                                                  }\begingroup \@parboxresto...
l.222 ...ernal inpout, rather than predestinated.}
                                                  
I've deleted a group-closing symbol because it seems to be
spurious, as in `$x}$'. But perhaps the } is legitimate and
you forgot something else, as in `\hbox{$x}'. In such cases
the way to recover is to insert both the forgotten and the
deleted material, e.g., by typing `I$}'.

./connattractor_manuscript.tex:222: Extra }, or forgotten \endgroup.
\Hy@tempa ... the#1\endcsname }{\ignorespaces #2}}
                                                  \begingroup \@parboxrestor...
l.222 ...ernal inpout, rather than predestinated.}
                                                  
I've deleted a group-closing symbol because it seems to be
spurious, as in `$x}$'. But perhaps the } is legitimate and
you forgot something else, as in `\hbox{$x}'. In such cases
the way to recover is to insert both the forgotten and the
deleted material, e.g., by typing `I$}'.


LaTeX Warning: Reference `tab-samples' on page 7 undefined on input line 222.


Package hyperref Warning: Suppressing empty link on input line 222.


Underfull \hbox (badness 10000) in paragraph at lines 222--222

 []


LaTeX Warning: Reference `tab-samples' on page 7 undefined on input line 222.


Package hyperref Warning: Suppressing empty link on input line 222.

./connattractor_manuscript.tex:224: Extra }, or forgotten \endgroup.
\@endfloatbox ...pagefalse \outer@nobreak \egroup 
                                                  \color@endbox 
l.224 \end{figure}
                  
I've deleted a group-closing symbol because it seems to be
spurious, as in `$x}$'. But perhaps the } is legitimate and
you forgot something else, as in `\hbox{$x}'. In such cases
the way to recover is to insert both the forgotten and the
deleted material, e.g., by typing `I$}'.


LaTeX Warning: Float too large for page by 595.93932pt on input line 224.

[7] [8]

Package hyperref Warning: Suppressing empty link on input line 230.


Package hyperref Warning: Suppressing empty link on input line 232.


LaTeX Warning: Reference `tab-samples' on page 9 undefined on input line 243.


LaTeX Warning: Reference `tab-samples' on page 9 undefined on input line 243.


LaTeX Warning: Reference `tab-samples' on page 9 undefined on input line 243.


Underfull \vbox (badness 10000) has occurred while \output is active []

[9]

LaTeX Warning: File `files/state_analysis-c8b60a283a9be6ecd807e00cef1d5f49.svg'
 not found on input line 255.


./connattractor_manuscript.tex:255: LaTeX Error: Cannot determine size of graph
ic in files/state_analysis-c8b60a283a9be6ecd807e00cef1d5f49.svg (no BoundingBox
).

See the LaTeX manual or LaTeX Companion for explanation.
Type  H <return>  for immediate help.
 ...                                              
                                                  
l.255 ...sis-c8b60a283a9be6ecd807e00cef1d5f49.svg}
                                                  
Try typing  <return>  to proceed.
If that doesn't work, type  X <return>  to quit.

File: files/state_analysis-c8b60a283a9be6ecd807e00cef1d5f49.svg Graphic file (t
ype eps)
<files/state_analysis-c8b60a283a9be6ecd807e00cef1d5f49.svg>

LaTeX Warning: Reference `tab-samples' on page 10 undefined on input line 262.


LaTeX Warning: Reference `tab-samples' on page 10 undefined on input line 262.


Package hyperref Warning: Suppressing empty link on input line 273.


Package hyperref Warning: Suppressing empty link on input line 273.


Package hyperref Warning: Suppressing empty link on input line 273.


Package hyperref Warning: Suppressing empty link on input line 273.


Package hyperref Warning: Suppressing empty link on input line 273.


Package hyperref Warning: Suppressing empty link on input line 273.


Package hyperref Warning: Suppressing empty link on input line 276.


Package hyperref Warning: Suppressing empty link on input line 279.


Package hyperref Warning: Suppressing empty link on input line 282.

[10] [11]
Underfull \vbox (badness 10000) has occurred while \output is active []

[12]
Underfull \hbox (badness 10000) in paragraph at lines 347--347
[]\T1/lmr/m/n/10 age
 []


Package hyperref Warning: Suppressing empty link on input line 349.


Package hyperref Warning: Suppressing empty link on input line 350.


Package hyperref Warning: Suppressing empty link on input line 351.


Underfull \hbox (badness 10000) in paragraph at lines 352--352
[]\T1/lmr/m/n/10 pain self-
 []


Overfull \hbox (16.82253pt too wide) in paragraph at lines 353--354
[]
 []


Overfull \hbox (36.54482pt too wide) in paragraph at lines 353--354
\T1/lmr/m/n/10 todo 
 []


Overfull \hbox (16.82253pt too wide) in paragraph at lines 357--358
[]
 []


Overfull \hbox (36.54482pt too wide) in paragraph at lines 357--358
\T1/lmr/m/n/10 todo 
 []


Package hyperref Warning: Suppressing empty link on input line 360.


Underfull \hbox (badness 10000) in paragraph at lines 361--361
[]\T1/lmr/m/n/10 study
 []


Underfull \hbox (badness 10000) in paragraph at lines 361--361
\T1/lmr/m/n/10 5 (Neu-
 []


Underfull \hbox (badness 10000) in paragraph at lines 361--361
[]\T1/lmr/m/n/10 coordinate-
 []


Underfull \hbox (badness 1394) in paragraph at lines 361--361
\T1/lmr/m/n/10 based meta-
 []


Underfull \hbox (badness 6592) in paragraph at lines 361--361
[]\T1/lmr/m/n/10 14371 stud-
 []


Package hyperref Warning: Suppressing empty link on input line 363.


Underfull \hbox (badness 10000) in paragraph at lines 364--364
[]\T1/lmr/m/n/10 study 6
 []


Underfull \hbox (badness 10000) in paragraph at lines 364--364
[]\T1/lmr/m/n/10 Autism
 []


Underfull \hbox (badness 10000) in paragraph at lines 364--364
\T1/lmr/m/n/10 Spec-trum
 []


Underfull \hbox (badness 10000) in paragraph at lines 364--364
[]\T1/lmr/m/n/10 ASD: 98,
 []


Overfull \hbox (16.82253pt too wide) in paragraph at lines 365--366
[]
 []


Overfull \hbox (36.54482pt too wide) in paragraph at lines 365--366
\T1/lmr/m/n/10 todo 
 []


Overfull \hbox (16.82253pt too wide) in paragraph at lines 369--370
[]
 []


Overfull \hbox (36.54482pt too wide) in paragraph at lines 369--370
\T1/lmr/m/n/10 todo 
 []


Overfull \hbox (16.82253pt too wide) in paragraph at lines 373--374
[]
 []


Overfull \hbox (36.54482pt too wide) in paragraph at lines 373--374
\T1/lmr/m/n/10 todo 
 []


Underfull \hbox (badness 10000) in paragraph at lines 377--377
[]\T1/lmr/m/n/10 study 7
 []


Underfull \hbox (badness 10000) in paragraph at lines 377--377
[]\T1/lmr/m/n/10 Alzheimer's
 []


Underfull \hbox (badness 10000) in paragraph at lines 377--377
\T1/lmr/m/n/10 Dis-ease
 []


Underfull \hbox (badness 5231) in paragraph at lines 377--377
\T1/lmr/m/n/10 vs. Mild
 []


Underfull \hbox (badness 10000) in paragraph at lines 377--377
\T1/lmr/m/n/10 Cog-ni-tive
 []


Overfull \hbox (16.82253pt too wide) in paragraph at lines 378--379
[]
 []


Overfull \hbox (36.54482pt too wide) in paragraph at lines 378--379
\T1/lmr/m/n/10 todo 
 []


Overfull \hbox (16.82253pt too wide) in paragraph at lines 382--383
[]
 []


Overfull \hbox (36.54482pt too wide) in paragraph at lines 382--383
\T1/lmr/m/n/10 todo 
 []


Overfull \hbox (16.82253pt too wide) in paragraph at lines 386--387
[]
 []


Overfull \hbox (36.54482pt too wide) in paragraph at lines 386--387
\T1/lmr/m/n/10 todo 
 []


Overfull \hbox (5.12791pt too wide) in paragraph at lines 390--390
[]\T1/lmr/m/n/10 Schizophrenia| 
 []


Overfull \hbox (16.82253pt too wide) in paragraph at lines 391--392
[]
 []


Overfull \hbox (36.54482pt too wide) in paragraph at lines 391--392
\T1/lmr/m/n/10 todo 
 []


Overfull \hbox (16.82253pt too wide) in paragraph at lines 395--396
[]
 []


Overfull \hbox (36.54482pt too wide) in paragraph at lines 395--396
\T1/lmr/m/n/10 todo 
 []


Overfull \hbox (16.82253pt too wide) in paragraph at lines 399--400
[]
 []


Overfull \hbox (36.54482pt too wide) in paragraph at lines 399--400
\T1/lmr/m/n/10 todo 
 []

(./connattractor_manuscript.bbl

Package natbib Warning: Empty `thebibliography' environment on input line 8.

) [13] [14] (./connattractor_manuscript.aux)

LaTeX Font Warning: Some font shapes were not available, defaults substituted.


LaTeX Warning: There were undefined references.

Package rerunfilecheck Info: File `connattractor_manuscript.out' has not change
d.
(rerunfilecheck)             Checksum: CF5614448F6A7C6E3D6F3AA42FD316D8;1774.
 ) 
Here is how much of TeX's memory you used:
 12785 strings out of 476919
 193769 string characters out of 5821840
 588396 words of memory out of 5000000
 32514 multiletter control sequences out of 15000+600000
 465335 words of font info for 69 fonts, out of 8000000 for 9000
 1348 hyphenation exceptions out of 8191
 83i,12n,88p,2156b,394s stack positions out of 5000i,500n,10000p,200000b,80000s

Output written on connattractor_manuscript.xdv (14 pages, 96328 bytes).
