\BOOKMARK [2][-]{subsection.0.1}{\376\377\000I\000n\000t\000r\000o\000d\000u\000c\000t\000i\000o\000n}{}% 1
\BOOKMARK [2][-]{subsection.0.2}{\376\377\000M\000a\000i\000n}{}% 2
\BOOKMARK [3][-]{subsubsection.0.2.1}{\376\377\000C\000o\000n\000n\000e\000c\000t\000o\000m\000e\000-\000b\000a\000s\000e\000d\000\040\000H\000o\000p\000f\000i\000e\000l\000d\000\040\000n\000e\000t\000w\000o\000r\000k\000\040\000a\000s\000\040\000a\000\040\000m\000o\000d\000e\000l\000\040\000o\000f\000\040\000b\000r\000a\000i\000n\000\040\000d\000y\000n\000a\000m\000i\000c\000s}{subsection.0.2}% 3
\BOOKMARK [3][-]{subsubsection.0.2.2}{\376\377\000R\000e\000c\000o\000n\000s\000t\000r\000u\000c\000t\000i\000o\000n\000\040\000o\000f\000\040\000r\000e\000s\000t\000i\000n\000g\000\040\000s\000t\000a\000t\000e\000\040\000b\000r\000a\000i\000n\000\040\000d\000y\000n\000a\000m\000i\000c\000s}{subsection.0.2}% 4
\BOOKMARK [3][-]{subsubsection.0.2.3}{\376\377\000A\000n\000\040\000e\000x\000p\000l\000a\000n\000a\000t\000o\000r\000y\000\040\000f\000r\000a\000m\000e\000w\000o\000r\000k\000\040\000f\000o\000r\000\040\000t\000a\000s\000k\000-\000b\000a\000s\000e\000d\000\040\000b\000r\000a\000i\000n\000\040\000a\000c\000t\000i\000v\000i\000t\000y}{subsection.0.2}% 5
\BOOKMARK [3][-]{subsubsection.0.2.4}{\376\377\000C\000l\000i\000n\000i\000c\000a\000l\000\040\000r\000e\000l\000e\000v\000a\000n\000c\000e}{subsection.0.2}% 6
\BOOKMARK [2][-]{subsection.0.3}{\376\377\000D\000i\000s\000c\000u\000s\000s\000i\000o\000n}{}% 7
\BOOKMARK [2][-]{subsection.0.4}{\376\377\000C\000o\000n\000c\000l\000u\000s\000i\000o\000n}{}% 8
\BOOKMARK [2][-]{subsection.0.5}{\376\377\000M\000e\000t\000h\000o\000d\000s}{}% 9
\BOOKMARK [3][-]{subsubsection.0.5.1}{\376\377\000D\000a\000t\000a}{subsection.0.5}% 10
\BOOKMARK [3][-]{subsubsection.0.5.2}{\376\377\000P\000r\000e\000p\000r\000o\000c\000e\000s\000s\000i\000n\000g\000\040\000a\000n\000d\000\040\000t\000i\000m\000e\000s\000e\000r\000i\000e\000s\000\040\000e\000x\000t\000r\000a\000c\000t\000i\000o\000n\000s}{subsection.0.5}% 11
\BOOKMARK [3][-]{subsubsection.0.5.3}{\376\377\000F\000u\000n\000c\000t\000i\000o\000n\000a\000l\000\040\000c\000o\000n\000n\000e\000c\000t\000o\000m\000e}{subsection.0.5}% 12
\BOOKMARK [3][-]{subsubsection.0.5.4}{\376\377\000C\000o\000n\000n\000e\000c\000t\000o\000m\000e\000-\000b\000a\000s\000e\000d\000\040\000H\000o\000p\000f\000i\000e\000l\000d\000\040\000n\000e\000t\000w\000o\000r\000k\000s}{subsection.0.5}% 13
\BOOKMARK [3][-]{subsubsection.0.5.5}{\376\377\000f\000c\000h\000n\000\040\000p\000r\000o\000j\000e\000c\000t\000i\000o\000n}{subsection.0.5}% 14
\BOOKMARK [3][-]{subsubsection.0.5.6}{\376\377\000R\000e\000p\000l\000i\000c\000a\000b\000i\000l\000i\000t\000y}{subsection.0.5}% 15
\BOOKMARK [3][-]{subsubsection.0.5.7}{\376\377\000E\000v\000a\000l\000u\000a\000t\000i\000o\000n\000:\000\040\000r\000e\000s\000t\000i\000n\000g\000\040\000s\000t\000a\000t\000e\000\040\000d\000y\000n\000a\000m\000i\000c\000s}{subsection.0.5}% 16
\BOOKMARK [3][-]{subsubsection.0.5.8}{\376\377\000E\000v\000a\000l\000u\000a\000t\000i\000o\000n\000:\000\040\000t\000a\000s\000k\000-\000b\000a\000s\000e\000d\000\040\000d\000y\000n\000a\000m\000i\000c\000s}{subsection.0.5}% 17
\BOOKMARK [3][-]{subsubsection.0.5.9}{\376\377\000C\000l\000i\000n\000i\000c\000a\000l\000\040\000d\000a\000t\000a}{subsection.0.5}% 18
\BOOKMARK [2][-]{subsection.0.6}{\376\377\000A\000c\000k\000n\000o\000w\000l\000e\000d\000g\000e\000m\000e\000n\000t\000s}{}% 19
\BOOKMARK [2][-]{subsection.0.7}{\376\377\000A\000n\000a\000l\000y\000s\000i\000s\000\040\000s\000o\000u\000r\000c\000e\000\040\000c\000o\000d\000e}{}% 20
\BOOKMARK [2][-]{subsection.0.8}{\376\377\000D\000a\000t\000a\000\040\000a\000v\000a\000i\000l\000a\000b\000i\000l\000i\000t\000y}{}% 21
