Rc files read:
  NONE
Latexmk: This is Latexmk, John Collins, 29 September 2020, version: 4.70b.
Rule 'xelatex': The following rules & subrules became out-of-date:
      'xelatex'
------------
Run number 1 of rule 'xelatex'
------------
------------
Running 'xelatex -no-pdf -synctex=1 -interaction=batchmode -file-line-error -shell-escape -recorder  "connattractor_manuscript.tex"'
------------
Latexmk: applying rule 'xelatex'...
This is XeTeX, Version 3.141592653-2.6-0.999993 (TeX Live 2021) (preloaded format=xelatex)
 \write18 enabled.
entering extended mode

SyncTeX written on connattractor_manuscript.synctex.gz.Latexmk: References changed.
Latexmk: Missing input file: 'files/face_validity-55e80c55c72fd1e6993e934ced5a9712.svg' from line
  'LaTeX Warning: File `files/face_validity-55e80c55c72fd1e6993e934ced5a9712.svg' not found on input line 115.'
Latexmk: Non-existent bbl file 'connattractor_manuscript.bbl in line'
 No file connattractor_manuscript.bbl.
Latexmk: References changed.
Latexmk: References changed.
Latexmk: Log file says output to 'connattractor_manuscript.xdv'
Latexmk: List of undefined refs and citations:
  Citation `Gutierrez_Barragan_2019' on page 1 undefined on input line 97
Latexmk: Examining 'connattractor_manuscript.log'
=== TeX engine is 'XeTeX'
Latexmk: Found bibliography file(s) [main.bib]
Rule 'bibtex connattractor_manuscript': File changes, etc:
   Changed files, or newly in use since previous run(s):
      'connattractor_manuscript.aux'
------------
Run number 1 of rule 'bibtex connattractor_manuscript'
------------
------------
Running 'bibtex  "connattractor_manuscript.aux"'
------------
Latexmk: applying rule 'bibtex connattractor_manuscript'...
For rule 'bibtex connattractor_manuscript', running '&run_bibtex(  )' ...
This is BibTeX, Version 0.99d (TeX Live 2021)
The top-level auxiliary file: connattractor_manuscript.aux
The style file: unsrtnat.bst
Database file #1: main.bib
Rule 'xelatex': File changes, etc:
   Changed files, or newly in use since previous run(s):
      'connattractor_manuscript.aux'
      'connattractor_manuscript.bbl'
      'connattractor_manuscript.out'
------------
Run number 2 of rule 'xelatex'
------------
------------
Running 'xelatex -no-pdf -synctex=1 -interaction=batchmode -file-line-error -shell-escape -recorder  "connattractor_manuscript.tex"'
------------
Latexmk: applying rule 'xelatex'...
This is XeTeX, Version 3.141592653-2.6-0.999993 (TeX Live 2021) (preloaded format=xelatex)
 \write18 enabled.
entering extended mode

SyncTeX written on connattractor_manuscript.synctex.gz.Latexmk: Missing input file: 'files/face_validity-55e80c55c72fd1e6993e934ced5a9712.svg' from line
  'LaTeX Warning: File `files/face_validity-55e80c55c72fd1e6993e934ced5a9712.svg' not found on input line 115.'
Latexmk: Found input bbl file 'connattractor_manuscript.bbl'
Latexmk: References changed.
Latexmk: References changed.
Latexmk: Log file says output to 'connattractor_manuscript.xdv'
Latexmk: List of undefined refs and citations:
  Citation `Gutierrez_Barragan_2019' on page 1 undefined on input line 97
Latexmk: Examining 'connattractor_manuscript.log'
=== TeX engine is 'XeTeX'
Latexmk: Found bibliography file(s) [main.bib]
Rule 'bibtex connattractor_manuscript': File changes, etc:
   Changed files, or newly in use since previous run(s):
      'connattractor_manuscript.aux'
------------
Run number 2 of rule 'bibtex connattractor_manuscript'
------------
------------
Running 'bibtex  "connattractor_manuscript.aux"'
------------
Latexmk: applying rule 'bibtex connattractor_manuscript'...
For rule 'bibtex connattractor_manuscript', running '&run_bibtex(  )' ...
This is BibTeX, Version 0.99d (TeX Live 2021)
The top-level auxiliary file: connattractor_manuscript.aux
The style file: unsrtnat.bst
Database file #1: main.bib
Rule 'xelatex': File changes, etc:
   Changed files, or newly in use since previous run(s):
      'connattractor_manuscript.aux'
------------
Run number 3 of rule 'xelatex'
------------
------------
Running 'xelatex -no-pdf -synctex=1 -interaction=batchmode -file-line-error -shell-escape -recorder  "connattractor_manuscript.tex"'
------------
Latexmk: applying rule 'xelatex'...
This is XeTeX, Version 3.141592653-2.6-0.999993 (TeX Live 2021) (preloaded format=xelatex)
 \write18 enabled.
entering extended mode

SyncTeX written on connattractor_manuscript.synctex.gz.Latexmk: Missing input file: 'files/face_validity-55e80c55c72fd1e6993e934ced5a9712.svg' from line
  'LaTeX Warning: File `files/face_validity-55e80c55c72fd1e6993e934ced5a9712.svg' not found on input line 115.'
Latexmk: Found input bbl file 'connattractor_manuscript.bbl'
Latexmk: Log file says output to 'connattractor_manuscript.xdv'
Latexmk: Examining 'connattractor_manuscript.log'
=== TeX engine is 'XeTeX'
Latexmk: Found bibliography file(s) [main.bib]
Rule 'xdvipdfmx': File changes, etc:
   Changed files, or newly in use since previous run(s):
      'connattractor_manuscript.xdv'
   Rule(s) that have been run and require run of dependent rule:
      'xelatex' which requires run of 'xdvipdfmx'
------------
Run number 1 of rule 'xdvipdfmx'
------------
------------
Running 'xdvipdfmx -E -o "connattractor_manuscript.pdf"  "connattractor_manuscript.xdv"'
------------
Latexmk: applying rule 'xdvipdfmx'...
For rule 'xdvipdfmx', running '&do_viewfile(  )' ...
connattractor_manuscript.xdv -> connattractor_manuscript.pdf
[1Error: /syntaxerror in /----nostringval----
Operand stack:

Execution stack:
   %interp_exit   .runexec2   --nostringval--   --nostringval--   --nostringval--   2   %stopped_push   --nostringval--   --nostringval--   --nostringval--   false   1   %stopped_push   1974   1   3   %oparray_pop   1973   1   3   %oparray_pop   1961   1   3   %oparray_pop   1817   1   3   %oparray_pop   --nostringval--   %errorexec_pop   .runexec2   --nostringval--   --nostringval--   --nostringval--   2   %stopped_push
Dictionary stack:
   --dict:756/1123(ro)(G)--   --dict:0/20(G)--   --dict:75/200(L)--
Current allocation mode is local
GPL Ghostscript 9.53.3: Unrecoverable error, exit code 1

xdvipdfmx:warning: Filtering file via command -->rungs -q -dALLOWPSTRANSPARENCY -dSAFER -dNOPAUSE -dBATCH -dEPSCrop -sPAPERSIZE=a0 -sDEVICE=pdfwrite -dCompatibilityLevel=1.5 -dAutoFilterGrayImages=false -dGrayImageFilter=/FlateEncode -dAutoFilterColorImages=false -dColorImageFilter=/FlateEncode -dAutoRotatePages=/None -sOutputFile='/var/folders/69/9f3dwqj10pg8d4jmjfkrvpww0000gn/T/dvipdfm-x.89f53431efd9f3b895245b8289e515ca' './files/face_validity-55e80c55c72fd1e6993e934ced5a9712.svg' -c quit<-- failed.
xdvipdfmx:warning: Image format conversion for "./files/face_validity-55e80c55c72fd1e6993e934ced5a9712.svg" failed...
xdvipdfmx:fatal: pdf_link_obj(): passed invalid object.

No output PDF file written.
Collected error summary (may duplicate other messages):
  xdvipdfmx: Command for 'xdvipdfmx' gave return code 256
  xelatex: Command for 'xelatex' gave return code 1
      Refer to 'connattractor_manuscript.log' for details
Latexmk: Errors, in force_mode: so I tried finishing targets
